Accessing raw input and preprocessing
done
Building vocabulary with GloVe
Traceback (most recent call last):
  File "trainMain.py", line 11, in <module>
    train_data, val_data, test_data, TEXT = get_data()
  File "/home/lgpu0015/SemanticsPrcticalSNLI/utils.py", line 19, in get_data
    TEXT.build_vocab(train, vectors=GloVe(name='840B', dim=300))
  File "/home/lgpu0015/.local/lib/python3.6/site-packages/torchtext/vocab.py", line 484, in __init__
    super(GloVe, self).__init__(name, url=url, **kwargs)
  File "/home/lgpu0015/.local/lib/python3.6/site-packages/torchtext/vocab.py", line 323, in __init__
    self.cache(name, cache, url=url, max_vectors=max_vectors)
  File "/home/lgpu0015/.local/lib/python3.6/site-packages/torchtext/vocab.py", line 365, in cache
    with zipfile.ZipFile(dest, "r") as zf:
  File "/hpc/eb/Debian9/Python/3.6.3-foss-2017b/lib/python3.6/zipfile.py", line 1108, in __init__
    self._RealGetContents()
  File "/hpc/eb/Debian9/Python/3.6.3-foss-2017b/lib/python3.6/zipfile.py", line 1175, in _RealGetContents
    raise BadZipFile("File is not a zip file")
zipfile.BadZipFile: File is not a zip file
srun: error: r31n5: task 0: Exited with exit code 1
